- Starting TradeStockSimulatorApplication using Java 1.8.0_282 on mah-mint with PID 228055 (/home/mah/Downloads/sp500_prj/target/classes started by mah in /home/mah/Downloads/sp500_prj)
- No active profile set, falling back to default profiles: default
- Started TradeStockSimulatorApplication in 1.382 seconds (JVM running for 4.154)
- 


- ### Historic stock data resource: qqq.csv
- Threshold price to BUY was reached (Mon Jul 12 16:00:00 EDT 1999): 60.01275$, from local MIN of: 48.3$
- Threshold price to SELL was reached (Tue Apr 04 16:00:00 EDT 2000): 94.5768$ from local MAX of: 120.48$
- Threshold price to BUY was reached (Fri Jun 02 16:00:00 EDT 2000): 91.94$, from local MIN of: 72.38$
- Threshold price to SELL was reached (Mon Oct 09 16:00:00 EDT 2000): 81.2475$ from local MAX of: 103.5$
- Threshold price to BUY was reached (Wed Jan 03 16:00:00 EST 2001): 65.23125$, from local MIN of: 52.5$
- Threshold price to SELL was reached (Wed Feb 14 16:00:00 EST 2001): 54.23565000000001$ from local MAX of: 69.09$
- Threshold price to BUY was reached (Wed Apr 11 16:00:00 EDT 2001): 41.748000000000005$, from local MIN of: 33.6$
- Threshold price to SELL was reached (Tue Jul 10 16:00:00 EDT 2001): 40.46675$ from local MAX of: 51.55$
- Threshold price to BUY was reached (Thu Oct 11 16:00:00 EDT 2001): 33.833275$, from local MIN of: 27.23$
- Threshold price to SELL was reached (Thu Feb 21 16:00:00 EST 2002): 33.943400000000004$ from local MAX of: 43.24$
- Threshold price to BUY was reached (Wed Oct 23 16:00:00 EDT 2002): 24.5518$, from local MIN of: 19.76$
- Threshold price to SELL was reached (Tue Jan 22 16:00:00 EST 2008): 43.22995$ from local MAX of: 55.07$
- Threshold price to BUY was reached (Fri Jan 02 16:00:00 EST 2009): 31.124625$, from local MIN of: 25.05$
- Threshold price to SELL was reached (Mon Aug 24 16:00:00 EDT 2015): 89.79615$ from local MAX of: 114.39$
- Threshold price to BUY was reached (Fri Oct 23 16:00:00 EDT 2015): 112.07$, from local MIN of: 89.79615$
- Threshold price to SELL was reached (Fri Dec 21 16:00:00 EST 2018): 147.21105$ from local MAX of: 187.53$
- Threshold price to BUY was reached (Fri Mar 15 16:00:00 EDT 2019): 178.24905$, from local MIN of: 143.46$
- Threshold price to SELL was reached (Thu Mar 12 16:00:00 EDT 2020): 186.41395$ from local MAX of: 237.47$
- Threshold price to BUY was reached (Tue Apr 14 16:00:00 EDT 2020): 206.42$, from local MIN of: 164.93$
- ### Portfolio started at: Wed Mar 10 16:00:00 EST 1999
- ### Portfolio closed at: Thu Apr 15 16:00:00 EDT 2021
- ### Market performance: 665%
- ### Portfolio MAX performance: 1290.92%, to buy at: 24.25% from local MIN, to sell at: 21.5% from local MAX
